2024.05.02 15:37:46 INFO  tracing is disabled for protocol LSP, to enable tracing of incoming and outgoing JSON messages create an empty file at c:\Users\GIMOND\OneDrive - Fondation EPF\Documents\4A\Project Taylor\Planning-Generator\.metals\lsp.trace.json
Exception in thread "main" java.lang.RuntimeException: Couldn't find pwsh.exe or powershell.exe on path or in default system locations
	at dev.dirs.Util.windowsFallback(Util.java:284)
	at dev.dirs.Util.getWinDirs(Util.java:166)
	at dev.dirs.ProjectDirectories.fromPath(ProjectDirectories.java:255)
	at scala.meta.internal.bsp.BspServers$.globalInstallDirectories(BspServers.scala:188)
	at scala.meta.internal.metals.MetalsServerInputs$.productionConfiguration(MetalsServerInputs.scala:72)
	at scala.meta.metals.MetalsLanguageServer$.$lessinit$greater$default$3(MetalsLanguageServer.scala:47)
	at scala.meta.metals.Main$.main(Main.scala:50)
	at scala.meta.metals.Main.main(Main.scala)
Caused by: java.io.IOException: Cannot run program "C:\Windows\System32\WindowsPowerShell\v1.0\powershell.exe": CreateProcess error=225, Impossible de terminer l’opération, car le fichier contient un virus ou un logiciel potentiellement indésirable
	at java.base/java.lang.ProcessBuilder.start(ProcessBuilder.java:1143)
	at java.base/java.lang.ProcessBuilder.start(ProcessBuilder.java:1073)
	at dev.dirs.Util.runCommands(Util.java:197)
	at dev.dirs.Util.runWinCommands(Util.java:233)
	at dev.dirs.Util.windowsFallback(Util.java:282)
	... 7 more
Caused by: java.io.IOException: CreateProcess error=225, Impossible de terminer l’opération, car le fichier contient un virus ou un logiciel potentiellement indésirable
	at java.base/java.lang.ProcessImpl.create(Native Method)
	at java.base/java.lang.ProcessImpl.<init>(ProcessImpl.java:499)
	at java.base/java.lang.ProcessImpl.start(ProcessImpl.java:158)
	at java.base/java.lang.ProcessBuilder.start(ProcessBuilder.java:1110)
	... 11 more
2024.05.02 15:37:48 INFO  tracing is disabled for protocol LSP, to enable tracing of incoming and outgoing JSON messages create an empty file at c:\Users\GIMOND\OneDrive - Fondation EPF\Documents\4A\Project Taylor\Planning-Generator\.metals\lsp.trace.json
Exception in thread "main" java.lang.RuntimeException: Couldn't find pwsh.exe or powershell.exe on path or in default system locations
	at dev.dirs.Util.windowsFallback(Util.java:284)
	at dev.dirs.Util.getWinDirs(Util.java:166)
	at dev.dirs.ProjectDirectories.fromPath(ProjectDirectories.java:255)
	at scala.meta.internal.bsp.BspServers$.globalInstallDirectories(BspServers.scala:188)
	at scala.meta.internal.metals.MetalsServerInputs$.productionConfiguration(MetalsServerInputs.scala:72)
	at scala.meta.metals.MetalsLanguageServer$.$lessinit$greater$default$3(MetalsLanguageServer.scala:47)
	at scala.meta.metals.Main$.main(Main.scala:50)
	at scala.meta.metals.Main.main(Main.scala)
Caused by: java.io.IOException: Cannot run program "C:\Windows\System32\WindowsPowerShell\v1.0\powershell.exe": CreateProcess error=225, Impossible de terminer l’opération, car le fichier contient un virus ou un logiciel potentiellement indésirable
	at java.base/java.lang.ProcessBuilder.start(ProcessBuilder.java:1143)
	at java.base/java.lang.ProcessBuilder.start(ProcessBuilder.java:1073)
	at dev.dirs.Util.runCommands(Util.java:197)
	at dev.dirs.Util.runWinCommands(Util.java:233)
	at dev.dirs.Util.windowsFallback(Util.java:282)
	... 7 more
Caused by: java.io.IOException: CreateProcess error=225, Impossible de terminer l’opération, car le fichier contient un virus ou un logiciel potentiellement indésirable
	at java.base/java.lang.ProcessImpl.create(Native Method)
	at java.base/java.lang.ProcessImpl.<init>(ProcessImpl.java:499)
	at java.base/java.lang.ProcessImpl.start(ProcessImpl.java:158)
	at java.base/java.lang.ProcessBuilder.start(ProcessBuilder.java:1110)
	... 11 more
2024.05.02 15:37:50 INFO  tracing is disabled for protocol LSP, to enable tracing of incoming and outgoing JSON messages create an empty file at c:\Users\GIMOND\OneDrive - Fondation EPF\Documents\4A\Project Taylor\Planning-Generator\.metals\lsp.trace.json
Exception in thread "main" java.lang.RuntimeException: Couldn't find pwsh.exe or powershell.exe on path or in default system locations
	at dev.dirs.Util.windowsFallback(Util.java:284)
	at dev.dirs.Util.getWinDirs(Util.java:166)
	at dev.dirs.ProjectDirectories.fromPath(ProjectDirectories.java:255)
	at scala.meta.internal.bsp.BspServers$.globalInstallDirectories(BspServers.scala:188)
	at scala.meta.internal.metals.MetalsServerInputs$.productionConfiguration(MetalsServerInputs.scala:72)
	at scala.meta.metals.MetalsLanguageServer$.$lessinit$greater$default$3(MetalsLanguageServer.scala:47)
	at scala.meta.metals.Main$.main(Main.scala:50)
	at scala.meta.metals.Main.main(Main.scala)
Caused by: java.io.IOException: Cannot run program "C:\Windows\System32\WindowsPowerShell\v1.0\powershell.exe": CreateProcess error=225, Impossible de terminer l’opération, car le fichier contient un virus ou un logiciel potentiellement indésirable
	at java.base/java.lang.ProcessBuilder.start(ProcessBuilder.java:1143)
	at java.base/java.lang.ProcessBuilder.start(ProcessBuilder.java:1073)
	at dev.dirs.Util.runCommands(Util.java:197)
	at dev.dirs.Util.runWinCommands(Util.java:233)
	at dev.dirs.Util.windowsFallback(Util.java:282)
	... 7 more
Caused by: java.io.IOException: CreateProcess error=225, Impossible de terminer l’opération, car le fichier contient un virus ou un logiciel potentiellement indésirable
	at java.base/java.lang.ProcessImpl.create(Native Method)
	at java.base/java.lang.ProcessImpl.<init>(ProcessImpl.java:499)
	at java.base/java.lang.ProcessImpl.start(ProcessImpl.java:158)
	at java.base/java.lang.ProcessBuilder.start(ProcessBuilder.java:1110)
	... 11 more
2024.05.02 15:37:51 INFO  tracing is disabled for protocol LSP, to enable tracing of incoming and outgoing JSON messages create an empty file at c:\Users\GIMOND\OneDrive - Fondation EPF\Documents\4A\Project Taylor\Planning-Generator\.metals\lsp.trace.json
Exception in thread "main" java.lang.RuntimeException: Couldn't find pwsh.exe or powershell.exe on path or in default system locations
	at dev.dirs.Util.windowsFallback(Util.java:284)
	at dev.dirs.Util.getWinDirs(Util.java:166)
	at dev.dirs.ProjectDirectories.fromPath(ProjectDirectories.java:255)
	at scala.meta.internal.bsp.BspServers$.globalInstallDirectories(BspServers.scala:188)
	at scala.meta.internal.metals.MetalsServerInputs$.productionConfiguration(MetalsServerInputs.scala:72)
	at scala.meta.metals.MetalsLanguageServer$.$lessinit$greater$default$3(MetalsLanguageServer.scala:47)
	at scala.meta.metals.Main$.main(Main.scala:50)
	at scala.meta.metals.Main.main(Main.scala)
Caused by: java.io.IOException: Cannot run program "C:\Windows\System32\WindowsPowerShell\v1.0\powershell.exe": CreateProcess error=225, Impossible de terminer l’opération, car le fichier contient un virus ou un logiciel potentiellement indésirable
	at java.base/java.lang.ProcessBuilder.start(ProcessBuilder.java:1143)
	at java.base/java.lang.ProcessBuilder.start(ProcessBuilder.java:1073)
	at dev.dirs.Util.runCommands(Util.java:197)
	at dev.dirs.Util.runWinCommands(Util.java:233)
	at dev.dirs.Util.windowsFallback(Util.java:282)
	... 7 more
Caused by: java.io.IOException: CreateProcess error=225, Impossible de terminer l’opération, car le fichier contient un virus ou un logiciel potentiellement indésirable
	at java.base/java.lang.ProcessImpl.create(Native Method)
	at java.base/java.lang.ProcessImpl.<init>(ProcessImpl.java:499)
	at java.base/java.lang.ProcessImpl.start(ProcessImpl.java:158)
	at java.base/java.lang.ProcessBuilder.start(ProcessBuilder.java:1110)
	... 11 more
2024.05.02 15:37:53 INFO  tracing is disabled for protocol LSP, to enable tracing of incoming and outgoing JSON messages create an empty file at c:\Users\GIMOND\OneDrive - Fondation EPF\Documents\4A\Project Taylor\Planning-Generator\.metals\lsp.trace.json
Exception in thread "main" java.lang.RuntimeException: Couldn't find pwsh.exe or powershell.exe on path or in default system locations
	at dev.dirs.Util.windowsFallback(Util.java:284)
	at dev.dirs.Util.getWinDirs(Util.java:166)
	at dev.dirs.ProjectDirectories.fromPath(ProjectDirectories.java:255)
	at scala.meta.internal.bsp.BspServers$.globalInstallDirectories(BspServers.scala:188)
	at scala.meta.internal.metals.MetalsServerInputs$.productionConfiguration(MetalsServerInputs.scala:72)
	at scala.meta.metals.MetalsLanguageServer$.$lessinit$greater$default$3(MetalsLanguageServer.scala:47)
	at scala.meta.metals.Main$.main(Main.scala:50)
	at scala.meta.metals.Main.main(Main.scala)
Caused by: java.io.IOException: Cannot run program "C:\Windows\System32\WindowsPowerShell\v1.0\powershell.exe": CreateProcess error=225, Impossible de terminer l’opération, car le fichier contient un virus ou un logiciel potentiellement indésirable
	at java.base/java.lang.ProcessBuilder.start(ProcessBuilder.java:1143)
	at java.base/java.lang.ProcessBuilder.start(ProcessBuilder.java:1073)
	at dev.dirs.Util.runCommands(Util.java:197)
	at dev.dirs.Util.runWinCommands(Util.java:233)
	at dev.dirs.Util.windowsFallback(Util.java:282)
	... 7 more
Caused by: java.io.IOException: CreateProcess error=225, Impossible de terminer l’opération, car le fichier contient un virus ou un logiciel potentiellement indésirable
	at java.base/java.lang.ProcessImpl.create(Native Method)
	at java.base/java.lang.ProcessImpl.<init>(ProcessImpl.java:499)
	at java.base/java.lang.ProcessImpl.start(ProcessImpl.java:158)
	at java.base/java.lang.ProcessBuilder.start(ProcessBuilder.java:1110)
	... 11 more
2024.05.02 16:23:25 INFO  Started: Metals version 1.3.0 in folders 'C:\Users\GIMOND\OneDrive - Fondation EPF\Documents\4A\Project Taylor\Planning-Generator' for client Visual Studio Code 1.88.1.
SLF4J: Class path contains multiple SLF4J providers.
SLF4J: Found provider [scribe.slf4j.ScribeServiceProvider@5bae1f48]
SLF4J: Found provider [ch.qos.logback.classic.spi.LogbackServiceProvider@2a403]
SLF4J: See https://www.slf4j.org/codes.html#multiple_bindings for an explanation.
SLF4J: Actual provider is of type [scribe.slf4j.ScribeServiceProvider@5bae1f48]
2024.05.02 16:23:25 WARN  Flyway upgrade recommended: H2 2.2.224 is newer than this version of Flyway and support has not been tested. The latest supported version of H2 is 2.2.220.
2024.05.02 16:23:25 WARN  no build tool detected in workspace 'C:\Users\GIMOND\OneDrive - Fondation EPF\Documents\4A\Project Taylor\Planning-Generator'. The most common cause for this problem is that the editor was opened in the wrong working directory, for example if you use sbt then the workspace directory should contain build.sbt. 
2024.05.02 16:23:26 WARN  Build server is not auto-connectable.
2024.05.02 16:28:12 INFO  Shutting down server
2024.05.02 16:28:12 INFO  shutting down Metals
2024.05.02 16:28:12 INFO  Exiting server
